android/app/build/intermediates/manifest_merge_blame_file/debug/manifest-merger-blame-debug-report.txt
1<?xml version="1.0" encoding="utf-8"?>
2<manifest xmlns:android="http://schemas.android.com/apk/res/android"
3    package="com.adapp"
4    android:versionCode="1"
5    android:versionName="1.0" >
6
7    <uses-sdk
8        android:minSdkVersion="16"
9        android:targetSdkVersion="29" />
10
11    <uses-permission android:name="android.permission.SYSTEM_ALERT_WINDOW" />
11-->src\debug\AndroidManifest.xml:5:5-77
11-->src\debug\AndroidManifest.xml:5:22-75
12    <uses-permission android:name="android.permission.INTERNET" />
12-->src\main\AndroidManifest.xml:4:5-67
12-->src\main\AndroidManifest.xml:4:22-64
13    <uses-permission android:name="android.permission.ACCESS_WIFI_STATE" />
13-->[com.facebook.flipper:flipper:0.54.0] AndroidManifest.xml:16:5-76
13-->[com.facebook.flipper:flipper:0.54.0] AndroidManifest.xml:16:22-73
14
15    <application
15-->src\main\AndroidManifest.xml:9:5-28:19
16        android:name="com.adapp.MainApplication"
16-->src\main\AndroidManifest.xml:10:7-38
17        android:allowBackup="false"
17-->src\main\AndroidManifest.xml:14:7-34
18        android:appComponentFactory="androidx.core.app.CoreComponentFactory"
18-->[androidx.core:core:1.3.1] AndroidManifest.xml:24:18-86
19        android:debuggable="true"
20        android:icon="@mipmap/ic_launcher"
20-->src\main\AndroidManifest.xml:12:7-41
21        android:label="@string/app_name"
21-->src\main\AndroidManifest.xml:11:7-39
22        android:roundIcon="@mipmap/ic_launcher_round"
22-->src\main\AndroidManifest.xml:13:7-52
23        android:theme="@style/AppTheme"
23-->src\main\AndroidManifest.xml:15:7-38
24        android:usesCleartextTraffic="true" >
24-->src\debug\AndroidManifest.xml:7:18-53
25        <activity
25-->src\main\AndroidManifest.xml:16:7-26:18
26            android:name="com.adapp.MainActivity"
26-->src\main\AndroidManifest.xml:17:9-37
27            android:configChanges="keyboard|keyboardHidden|orientation|screenSize|uiMode"
27-->src\main\AndroidManifest.xml:19:9-86
28            android:label="@string/app_name"
28-->src\main\AndroidManifest.xml:18:9-41
29            android:launchMode="singleTask"
29-->src\main\AndroidManifest.xml:20:9-40
30            android:windowSoftInputMode="adjustResize" >
30-->src\main\AndroidManifest.xml:21:9-51
31            <intent-filter>
31-->src\main\AndroidManifest.xml:22:9-25:25
32                <action android:name="android.intent.action.MAIN" />
32-->src\main\AndroidManifest.xml:23:13-65
32-->src\main\AndroidManifest.xml:23:21-62
33
34                <category android:name="android.intent.category.LAUNCHER" />
34-->src\main\AndroidManifest.xml:24:13-73
34-->src\main\AndroidManifest.xml:24:23-70
35            </intent-filter>
36        </activity>
37        <activity android:name="com.facebook.react.devsupport.DevSettingsActivity" />
37-->src\main\AndroidManifest.xml:27:7-84
37-->src\main\AndroidManifest.xml:27:17-81
38        <activity
38-->[:react-native-device-number] AndroidManifest.xml:12:9-16:20
39            android:name="com.reactlibrary.devicenumber.DeviceNumberActivity"
39-->[:react-native-device-number] AndroidManifest.xml:13:13-78
40            android:noHistory="true"
40-->[:react-native-device-number] AndroidManifest.xml:14:13-37
41            android:theme="@android:style/Theme.Dialog" >
41-->[:react-native-device-number] AndroidManifest.xml:15:13-56
42        </activity>
43        <activity
43-->[com.google.android.gms:play-services-auth:18.1.0] AndroidManifest.xml:23:9-27:75
44            android:name="com.google.android.gms.auth.api.signin.internal.SignInHubActivity"
44-->[com.google.android.gms:play-services-auth:18.1.0] AndroidManifest.xml:24:13-93
45            android:excludeFromRecents="true"
45-->[com.google.android.gms:play-services-auth:18.1.0] AndroidManifest.xml:25:13-46
46            android:exported="false"
46-->[com.google.android.gms:play-services-auth:18.1.0] AndroidManifest.xml:26:13-37
47            android:theme="@android:style/Theme.Translucent.NoTitleBar" />
47-->[com.google.android.gms:play-services-auth:18.1.0] AndroidManifest.xml:27:13-72
48        <!--
49            Service handling Google Sign-In user revocation. For apps that do not integrate with
50            Google Sign-In, this service will never be started.
51        -->
52        <service
52-->[com.google.android.gms:play-services-auth:18.1.0] AndroidManifest.xml:33:9-37:51
53            android:name="com.google.android.gms.auth.api.signin.RevocationBoundService"
53-->[com.google.android.gms:play-services-auth:18.1.0] AndroidManifest.xml:34:13-89
54            android:exported="true"
54-->[com.google.android.gms:play-services-auth:18.1.0] AndroidManifest.xml:35:13-36
55            android:permission="com.google.android.gms.auth.api.signin.permission.REVOCATION_NOTIFICATION"
55-->[com.google.android.gms:play-services-auth:18.1.0] AndroidManifest.xml:36:13-107
56            android:visibleToInstantApps="true" />
56-->[com.google.android.gms:play-services-auth:18.1.0] AndroidManifest.xml:37:13-48
57
58        <activity
58-->[com.google.android.gms:play-services-base:17.3.0] AndroidManifest.xml:23:9-26:75
59            android:name="com.google.android.gms.common.api.GoogleApiActivity"
59-->[com.google.android.gms:play-services-base:17.3.0] AndroidManifest.xml:24:13-79
60            android:exported="false"
60-->[com.google.android.gms:play-services-base:17.3.0] AndroidManifest.xml:25:13-37
61            android:theme="@android:style/Theme.Translucent.NoTitleBar" />
61-->[com.google.android.gms:play-services-base:17.3.0] AndroidManifest.xml:26:13-72
62
63        <meta-data
63-->[com.google.android.gms:play-services-basement:17.3.0] AndroidManifest.xml:23:9-25:69
64            android:name="com.google.android.gms.version"
64-->[com.google.android.gms:play-services-basement:17.3.0] AndroidManifest.xml:24:13-58
65            android:value="@integer/google_play_services_version" />
65-->[com.google.android.gms:play-services-basement:17.3.0] AndroidManifest.xml:25:13-66
66    </application>
67
68</manifest>